2016-06-17 02:03:30,136 	 <Dispatcher> 	 Level 45 	 START_BYTES	12863
2016-06-17 02:04:20,788 	 <Dispatcher> 	 Level 45 	 missing	1466107520.0	17.7680187225	2.98212838173	421.581481934	10.95703125	-99.0	-99.0	-1.0	-1.0	17.7680187225	
2016-06-17 02:04:30,793 	 <Dispatcher> 	 Level 45 	 missing	1466107520.0	16.9444599152	3.17467308044	441.347961426	0.0	-99.0	-99.0	-1.0	-1.0	16.9444599152	
2016-06-17 02:04:40,795 	 <Dispatcher> 	 Level 45 	 missing	1466107520.0	18.0870361328	2.98180270195	429.413726807	0.0	30.0	42.0	-1.0	-1.0	18.0870361328	
2016-06-17 02:04:50,796 	 <Dispatcher> 	 Level 45 	 missing	1466107520.0	16.0078544617	3.4441421032	478.511260986	53.92578125	28.0	41.0	-1.0	-1.0	16.0078544617	
2016-06-17 02:05:00,793 	 <Dispatcher> 	 Level 45 	 missing	1466107520.0	17.0417480469	3.19388127327	441.347961426	0.0	28.0	41.0	-1.0	-1.0	17.0417480469	
2016-06-17 02:05:10,794 	 <Dispatcher> 	 Level 45 	 missing	1466107520.0	15.0931415558	3.6184694767	513.299438477	161.34765625	-99.0	-99.0	-1.0	-1.0	15.0931415558	
2016-06-17 02:05:20,798 	 <Dispatcher> 	 Level 45 	 missing	1466107520.0	16.9568786621	2.94116806984	449.429077148	0.0	-99.0	-99.0	-1.0	-1.0	16.9568786621	
2016-06-17 02:05:30,801 	 <Dispatcher> 	 Level 45 	 missing	1466107520.0	14.8422212601	3.56354641914	504.444885254	139.86328125	-99.0	-99.0	-1.0	-1.0	14.8422212601	
2016-06-17 02:05:40,800 	 <Dispatcher> 	 Level 45 	 missing	1466107520.0	15.6770935059	3.54042482376	474.279907227	96.89453125	28.0	40.0	-1.0	-1.0	15.6770935059	
2016-06-17 02:22:10,568 	 <Dispatcher> 	 Level 45 	 START_BYTES	16766
2016-06-17 02:22:41,230 	 <Dispatcher> 	 Level 45 	 missing	1466108544.0	20.6621742249	2.90860462189	411.350952148	0.0	-99.0	-99.0	-1.0	-1.0	20.6621742249	
2016-06-17 02:22:51,226 	 <Dispatcher> 	 Level 45 	 missing	1466108544.0	15.1166315079	3.47920536995	434.162414551	154.6875	-99.0	-99.0	-1.0	-1.0	15.1166315079	
2016-06-17 02:23:01,230 	 <Dispatcher> 	 Level 45 	 missing	1466108544.0	12.5280818939	4.24745368958	529.664611816	444.7265625	-99.0	-99.0	-1.0	-1.0	12.5280818939	
2016-06-17 02:23:11,225 	 <Dispatcher> 	 Level 45 	 missing	1466108544.0	16.1725063324	3.26895737648	407.63067627	0.0	-99.0	-99.0	-1.0	-1.0	16.1725063324	
2016-06-17 02:42:59,013 	 <Dispatcher> 	 Level 45 	 START_BYTES	0
2016-06-18 15:42:17,291 	 <Dispatcher> 	 Level 45 	 START_BYTES	0
2016-06-18 15:42:17,298 	 <Dispatcher> 	 Level 45 	 START_BYTES	121180
2016-06-18 17:31:52,576 	 <Dispatcher> 	 Level 45 	 START_BYTES	15066063
2016-06-18 17:36:38,550 	 <Dispatcher> 	 Level 45 	 START_BYTES	15627334
2016-06-18 17:36:52,302 	 <Dispatcher> 	 Level 45 	 START_BYTES	15656060
2016-06-18 17:38:25,885 	 <Dispatcher> 	 Level 45 	 START_BYTES	15844861
2016-06-18 17:38:43,660 	 <Dispatcher> 	 Level 45 	 START_BYTES	15873015
2016-06-18 17:39:24,074 	 <Dispatcher> 	 Level 45 	 missing	1466249964	8.59161900735e-07	2.44427061081	9089.80859375	20.0	10.0	10.0	50.0	50.0	8.59161900735e-07	
2016-06-18 17:39:24,075 	 <Dispatcher> 	 Level 45 	 missing_raw	1466249964	51.0	29.0	95.0	20.0	10.0	10.0	50.0	50.0	51.0	
2016-06-18 17:39:24,090 	 <Dispatcher> 	 Level 45 	 missing	1466249954	3.58047699928	14.8420228958	1.19523322582	20.0	10.0	10.0	50.0	50.0	3.58047699928	
2016-06-18 17:39:24,092 	 <Dispatcher> 	 Level 45 	 missing_raw	1466249954	56.0	82.0	96.0	20.0	10.0	10.0	50.0	50.0	56.0	
2016-06-18 17:39:24,142 	 <Dispatcher> 	 Level 45 	 missing	1466249944	2.64846242715e-08	7.16684865952	1979.59814453	20.0	10.0	10.0	50.0	50.0	2.64846242715e-08	
2016-06-18 17:39:24,145 	 <Dispatcher> 	 Level 45 	 missing_raw	1466249944	41.0	94.0	41.0	20.0	10.0	10.0	50.0	50.0	41.0	
2016-06-18 17:39:34,079 	 <Dispatcher> 	 Level 45 	 missing	1466249974	94.5650405884	3.36524128914	749.143981934	20.0	10.0	10.0	50.0	50.0	94.5650405884	
2016-06-18 17:39:34,082 	 <Dispatcher> 	 Level 45 	 missing_raw	1466249974	78.0	5.0	82.0	20.0	10.0	10.0	50.0	50.0	78.0	
2016-06-18 17:39:44,078 	 <Dispatcher> 	 Level 45 	 missing	1466249984	8.95701014088e-05	0.100396417081	0.00708188349381	20.0	10.0	10.0	50.0	50.0	8.95701014088e-05	
2016-06-18 17:39:44,081 	 <Dispatcher> 	 Level 45 	 missing_raw	1466249984	47.0	19.0	94.0	20.0	10.0	10.0	50.0	50.0	47.0	
2016-06-18 17:39:54,079 	 <Dispatcher> 	 Level 45 	 missing	1466249994	5.24013863412e-08	12.0059957504	4902.43554688	20.0	10.0	10.0	50.0	50.0	5.24013863412e-08	
2016-06-18 17:39:54,082 	 <Dispatcher> 	 Level 45 	 missing_raw	1466249994	80.0	44.0	26.0	20.0	10.0	10.0	50.0	50.0	80.0	
2016-06-18 17:40:04,080 	 <Dispatcher> 	 Level 45 	 missing	1466250004	0.00016802745813	0.145116120577	20.6869373322	20.0	10.0	10.0	50.0	50.0	0.00016802745813	
2016-06-18 17:40:04,083 	 <Dispatcher> 	 Level 45 	 missing_raw	1466250004	91.0	2.0	53.0	20.0	10.0	10.0	50.0	50.0	91.0	
2016-06-18 17:40:14,079 	 <Dispatcher> 	 Level 45 	 missing	1466250014	4.71575322081e-06	25.6502323151	74.7707901001	20.0	10.0	10.0	50.0	50.0	4.71575322081e-06	
2016-06-18 17:40:14,081 	 <Dispatcher> 	 Level 45 	 missing_raw	1466250014	44.0	91.0	84.0	20.0	10.0	10.0	50.0	50.0	44.0	
2016-06-18 17:40:24,078 	 <Dispatcher> 	 Level 45 	 missing	1466250024	4828.77734375	0.765363514423	8762.71386719	20.0	10.0	10.0	50.0	50.0	4828.77734375	
2016-06-18 17:40:24,081 	 <Dispatcher> 	 Level 45 	 missing_raw	1466250024	59.0	48.0	83.0	20.0	10.0	10.0	50.0	50.0	59.0	
2016-06-18 17:40:34,081 	 <Dispatcher> 	 Level 45 	 missing	1466250034	0.000142774239066	203.422164917	5664.265625	20.0	10.0	10.0	50.0	50.0	0.000142774239066	
2016-06-18 17:40:34,084 	 <Dispatcher> 	 Level 45 	 missing_raw	1466250034	77.0	71.0	87.0	20.0	10.0	10.0	50.0	50.0	77.0	
2016-06-18 17:40:44,081 	 <Dispatcher> 	 Level 45 	 missing	1466250044	3.82946427635e-06	4.70268440247	16495.1289062	20.0	10.0	10.0	50.0	50.0	3.82946427635e-06	
2016-06-18 17:40:44,083 	 <Dispatcher> 	 Level 45 	 missing_raw	1466250044	5.0	0.0	67.0	20.0	10.0	10.0	50.0	50.0	5.0	
2016-06-18 17:54:06,861 	 <Dispatcher> 	 Level 45 	 START_BYTES	16339142
2016-08-15 15:57:02,130 	 <Dispatcher> 	 Level 45 	 START_BYTES	1356664
2016-08-15 16:34:19,703 	 <Dispatcher> 	 Level 45 	 START_BYTES	25528570
2016-08-21 07:57:07,104 	 <Dispatcher> 	 Level 45 	 START_BYTES	638969
2016-08-31 21:23:57,208 	 <Dispatcher> 	 Level 45 	 START_BYTES	6526119
2016-08-31 21:40:20,793 	 <Dispatcher> 	 Level 45 	 START_BYTES	7937742
2016-08-31 21:41:33,159 	 <Dispatcher> 	 Level 45 	 START_BYTES	7990184
2016-08-31 21:43:45,230 	 <Dispatcher> 	 Level 45 	 START_BYTES	8795757
2016-08-31 21:47:46,272 	 <Dispatcher> 	 Level 45 	 START_BYTES	10571833
2016-08-31 21:48:46,802 	 <Dispatcher> 	 Level 45 	 START_BYTES	10639882
2016-08-31 21:48:51,713 	 <Dispatcher> 	 Level 45 	 START_BYTES	10645701
2016-08-31 21:50:21,266 	 <Dispatcher> 	 Level 45 	 START_BYTES	10749036
2016-08-31 21:55:52,861 	 <Dispatcher> 	 Level 45 	 START_BYTES	11228450
2016-08-31 21:57:22,460 	 <Dispatcher> 	 Level 45 	 START_BYTES	11405877
2016-08-31 21:57:47,342 	 <Dispatcher> 	 Level 45 	 START_BYTES	11417113
2016-08-31 22:01:01,735 	 <Dispatcher> 	 Level 45 	 START_BYTES	12332857
2016-08-31 22:01:35,146 	 <Dispatcher> 	 Level 45 	 START_BYTES	12349895
2016-08-31 22:01:48,852 	 <Dispatcher> 	 Level 45 	 START_BYTES	12360615
2016-08-31 22:41:35,481 	 <Dispatcher> 	 Level 45 	 START_BYTES	17360678
2016-09-26 16:00:50,751 	 <Dispatcher> 	 Level 45 	 START_BYTES	10010956
2016-10-10 12:10:01,037 	 <Dispatcher> 	 Level 45 	 START_BYTES	1608531912
2016-10-10 12:10:29,470 	 <Dispatcher> 	 Level 45 	 START_BYTES	1608533859
2016-10-10 12:10:30,621 	 <Dispatcher> 	 Level 45 	 START_BYTES	1608534711
2016-10-10 12:10:45,635 	 <Dispatcher> 	 Level 45 	 START_BYTES	1608554632
2016-10-10 12:52:42,063 	 <Dispatcher> 	 Level 45 	 START_BYTES	1608828473
2016-10-10 12:52:43,799 	 <Dispatcher> 	 Level 45 	 START_BYTES	1608829325
2016-10-10 12:54:51,416 	 <Dispatcher> 	 Level 45 	 START_BYTES	1608849067
2016-10-10 12:57:03,599 	 <Dispatcher> 	 Level 45 	 START_BYTES	1608861747
2016-10-10 12:57:09,290 	 <Dispatcher> 	 Level 45 	 START_BYTES	1608862599
2016-10-10 12:57:25,086 	 <Dispatcher> 	 Level 45 	 START_BYTES	1608864555
2016-10-10 12:58:59,355 	 <Dispatcher> 	 Level 45 	 START_BYTES	1608876834
2016-10-10 13:04:44,174 	 <Dispatcher> 	 Level 45 	 START_BYTES	1608924476
2016-10-10 13:04:53,882 	 <Dispatcher> 	 Level 45 	 START_BYTES	1608926285
2016-10-10 13:05:18,951 	 <Dispatcher> 	 Level 45 	 START_BYTES	1608928792
2016-10-10 13:05:29,206 	 <Dispatcher> 	 Level 45 	 START_BYTES	1608930370
2016-10-10 13:06:41,444 	 <Dispatcher> 	 Level 45 	 START_BYTES	1608938661
2016-10-10 13:06:47,239 	 <Dispatcher> 	 Level 45 	 START_BYTES	1608939513
2016-10-10 13:07:53,110 	 <Dispatcher> 	 Level 45 	 START_BYTES	1608966793
2016-10-10 13:08:25,611 	 <Dispatcher> 	 Level 45 	 START_BYTES	1608972230
2016-10-10 13:10:49,470 	 <Dispatcher> 	 Level 45 	 START_BYTES	1608987106
2016-10-10 13:10:56,688 	 <Dispatcher> 	 Level 45 	 START_BYTES	1608988596
2016-10-10 13:11:13,764 	 <Dispatcher> 	 Level 45 	 START_BYTES	1608991156
2016-10-10 13:12:08,939 	 <Dispatcher> 	 Level 45 	 START_BYTES	1608997685
2016-10-10 13:16:11,942 	 <Dispatcher> 	 Level 45 	 START_BYTES	1609051774
2016-10-10 13:16:14,679 	 <Dispatcher> 	 Level 45 	 START_BYTES	1609052626
2016-10-10 13:16:42,462 	 <Dispatcher> 	 Level 45 	 START_BYTES	1609057778
2016-10-10 13:17:36,657 	 <Dispatcher> 	 Level 45 	 START_BYTES	1609063144
2016-10-10 13:18:35,075 	 <Dispatcher> 	 Level 45 	 START_BYTES	1609070588
2016-10-10 13:18:44,885 	 <Dispatcher> 	 Level 45 	 START_BYTES	1609074246
2016-10-10 13:20:22,403 	 <Dispatcher> 	 Level 45 	 START_BYTES	1609092809
2016-10-10 13:20:38,811 	 <Dispatcher> 	 Level 45 	 START_BYTES	1609094643
2016-10-10 13:20:41,575 	 <Dispatcher> 	 Level 45 	 START_BYTES	1609096349
2016-10-10 13:21:06,300 	 <Dispatcher> 	 Level 45 	 START_BYTES	1609099043
2016-10-10 13:23:51,210 	 <Dispatcher> 	 Level 45 	 START_BYTES	1609124797
2016-10-10 13:24:18,547 	 <Dispatcher> 	 Level 45 	 START_BYTES	1609134644
2016-10-10 13:25:00,607 	 <Dispatcher> 	 Level 45 	 START_BYTES	1609139617
2016-10-10 13:25:05,402 	 <Dispatcher> 	 Level 45 	 START_BYTES	1609141166
2016-10-10 13:25:24,429 	 <Dispatcher> 	 Level 45 	 START_BYTES	1609145473
2016-10-10 13:25:38,765 	 <Dispatcher> 	 Level 45 	 START_BYTES	1609147307
2016-10-10 13:29:52,699 	 <Dispatcher> 	 Level 45 	 START_BYTES	1609176443
2016-10-10 13:35:27,982 	 <Dispatcher> 	 Level 45 	 START_BYTES	1609222654
2016-10-10 13:45:54,079 	 <Dispatcher> 	 Level 45 	 START_BYTES	1609634565
2016-10-10 13:46:41,674 	 <Dispatcher> 	 Level 45 	 START_BYTES	1609640906
2016-10-10 14:01:32,859 	 <Dispatcher> 	 Level 45 	 START_BYTES	1612071003
2016-10-10 14:02:06,483 	 <Dispatcher> 	 Level 45 	 START_BYTES	1612076556
2016-10-10 14:08:35,424 	 <Dispatcher> 	 Level 45 	 START_BYTES	1612187064
2016-10-10 14:08:37,892 	 <Dispatcher> 	 Level 45 	 START_BYTES	1612188200
2016-10-10 14:16:18,886 	 <Dispatcher> 	 Level 45 	 START_BYTES	1612568752
2016-10-10 14:16:21,549 	 <Dispatcher> 	 Level 45 	 START_BYTES	1612569604
2016-10-10 14:23:02,973 	 <Dispatcher> 	 Level 45 	 START_BYTES	1612836564
2016-10-10 14:23:05,498 	 <Dispatcher> 	 Level 45 	 START_BYTES	1612837416
2016-10-10 14:23:46,752 	 <Dispatcher> 	 Level 45 	 START_BYTES	1612845134
2016-10-10 14:23:54,347 	 <Dispatcher> 	 Level 45 	 START_BYTES	1612846572
2016-10-10 14:24:48,077 	 <Dispatcher> 	 Level 45 	 START_BYTES	1612861133
2016-10-10 14:24:50,576 	 <Dispatcher> 	 Level 45 	 START_BYTES	1612862271
2016-10-10 14:27:15,173 	 <Dispatcher> 	 Level 45 	 START_BYTES	1613189107
2016-10-10 14:27:36,145 	 <Dispatcher> 	 Level 45 	 START_BYTES	1613194591
2016-10-10 14:27:38,038 	 <Dispatcher> 	 Level 45 	 START_BYTES	1613196079
2016-10-10 14:27:49,220 	 <Dispatcher> 	 Level 45 	 START_BYTES	1613198876
2016-10-10 14:28:00,954 	 <Dispatcher> 	 Level 45 	 START_BYTES	1613203495
2016-10-10 14:28:09,701 	 <Dispatcher> 	 Level 45 	 START_BYTES	1613205625
2016-10-10 14:28:11,452 	 <Dispatcher> 	 Level 45 	 START_BYTES	1613206606
2016-10-10 14:30:45,148 	 <Dispatcher> 	 Level 45 	 START_BYTES	1613233671
2016-10-10 14:30:55,554 	 <Dispatcher> 	 Level 45 	 START_BYTES	1613235496
2016-10-10 14:31:04,302 	 <Dispatcher> 	 Level 45 	 START_BYTES	1613236857
2016-10-10 14:31:19,117 	 <Dispatcher> 	 Level 45 	 START_BYTES	1613239342
2016-10-10 14:31:46,130 	 <Dispatcher> 	 Level 45 	 START_BYTES	1613243253
2016-10-10 14:31:54,759 	 <Dispatcher> 	 Level 45 	 START_BYTES	1613247170
2016-10-10 14:32:11,995 	 <Dispatcher> 	 Level 45 	 START_BYTES	1613251044
2016-10-10 14:36:14,476 	 <Dispatcher> 	 Level 45 	 START_BYTES	1613291462
2016-10-10 14:36:27,114 	 <Dispatcher> 	 Level 45 	 START_BYTES	1613296949
2016-10-10 14:37:36,147 	 <Dispatcher> 	 Level 45 	 START_BYTES	1613312272
2016-10-10 14:37:40,789 	 <Dispatcher> 	 Level 45 	 START_BYTES	1613313633
2016-10-10 14:37:52,919 	 <Dispatcher> 	 Level 45 	 START_BYTES	1613318019
2016-10-10 14:38:09,063 	 <Dispatcher> 	 Level 45 	 START_BYTES	1613319664
2016-10-10 14:38:33,225 	 <Dispatcher> 	 Level 45 	 START_BYTES	1613323891
2016-10-10 14:38:38,313 	 <Dispatcher> 	 Level 45 	 START_BYTES	1613325001
2016-10-10 14:40:27,900 	 <Dispatcher> 	 Level 45 	 START_BYTES	1613343253
2016-10-10 14:41:00,808 	 <Dispatcher> 	 Level 45 	 START_BYTES	1613351078
2016-10-10 14:42:23,068 	 <Dispatcher> 	 Level 45 	 START_BYTES	1613369166
2016-10-10 14:42:32,341 	 <Dispatcher> 	 Level 45 	 START_BYTES	1613371147
2016-10-10 14:43:17,378 	 <Dispatcher> 	 Level 45 	 START_BYTES	1613380158
2016-10-10 14:43:39,996 	 <Dispatcher> 	 Level 45 	 START_BYTES	1613383214
2016-10-10 15:10:08,046 	 <Dispatcher> 	 Level 45 	 START_BYTES	1613693396
2016-10-10 15:10:24,579 	 <Dispatcher> 	 Level 45 	 START_BYTES	1613695482
2016-10-10 15:10:26,148 	 <Dispatcher> 	 Level 45 	 START_BYTES	1613696557
2016-10-10 15:11:42,316 	 <Dispatcher> 	 Level 45 	 START_BYTES	1613707411
2016-10-10 15:13:10,803 	 <Dispatcher> 	 Level 45 	 START_BYTES	1613740253
2016-10-10 15:26:04,708 	 <Dispatcher> 	 Level 45 	 START_BYTES	1613882234
2016-10-10 15:26:30,527 	 <Dispatcher> 	 Level 45 	 START_BYTES	1613888148
2016-10-10 15:33:24,215 	 <Dispatcher> 	 Level 45 	 START_BYTES	1613957602
2016-10-10 15:34:01,349 	 <Dispatcher> 	 Level 45 	 START_BYTES	1613962325
2016-10-10 15:34:58,300 	 <Dispatcher> 	 Level 45 	 START_BYTES	1613978480
2016-10-10 15:35:08,685 	 <Dispatcher> 	 Level 45 	 START_BYTES	1613980160
2016-10-10 15:35:40,224 	 <Dispatcher> 	 Level 45 	 START_BYTES	1613985818
2016-10-10 15:38:57,688 	 <Dispatcher> 	 Level 45 	 START_BYTES	1614024221
2016-10-10 15:39:41,770 	 <Dispatcher> 	 Level 45 	 START_BYTES	1614028892
2016-10-10 15:40:24,214 	 <Dispatcher> 	 Level 45 	 START_BYTES	1614043121
2016-10-10 15:44:34,804 	 <Dispatcher> 	 Level 45 	 START_BYTES	1614124876
2016-10-10 15:45:33,403 	 <Dispatcher> 	 Level 45 	 START_BYTES	1614136446
2016-10-10 15:46:16,702 	 <Dispatcher> 	 Level 45 	 START_BYTES	1614146005
2016-10-10 15:46:54,456 	 <Dispatcher> 	 Level 45 	 START_BYTES	1614152346
2016-10-10 15:49:51,487 	 <Dispatcher> 	 Level 45 	 START_BYTES	1614180795
2016-10-10 15:50:34,383 	 <Dispatcher> 	 Level 45 	 START_BYTES	1614200094
2016-10-10 15:50:46,559 	 <Dispatcher> 	 Level 45 	 START_BYTES	1614202659
2016-10-10 15:51:20,356 	 <Dispatcher> 	 Level 45 	 START_BYTES	1614207094
2016-10-10 15:52:07,069 	 <Dispatcher> 	 Level 45 	 START_BYTES	1614214390
2016-10-10 15:59:32,785 	 <Dispatcher> 	 Level 45 	 START_BYTES	1614427591
2016-10-10 15:59:35,079 	 <Dispatcher> 	 Level 45 	 START_BYTES	1614428443
2016-10-10 16:00:44,051 	 <Dispatcher> 	 Level 45 	 START_BYTES	1614450270
2016-10-10 16:01:23,872 	 <Dispatcher> 	 Level 45 	 START_BYTES	1614464220
2016-10-10 16:01:44,461 	 <Dispatcher> 	 Level 45 	 START_BYTES	1614471026
2016-10-10 16:02:30,178 	 <Dispatcher> 	 Level 45 	 START_BYTES	1614477732
2016-10-10 16:03:07,603 	 <Dispatcher> 	 Level 45 	 START_BYTES	1614488164
2016-10-10 16:03:16,358 	 <Dispatcher> 	 Level 45 	 START_BYTES	1614490790
2016-10-10 16:05:30,784 	 <Dispatcher> 	 Level 45 	 START_BYTES	1614523730
2016-10-10 16:06:17,940 	 <Dispatcher> 	 Level 45 	 START_BYTES	1614529884
2016-10-10 16:06:32,590 	 <Dispatcher> 	 Level 45 	 START_BYTES	1614536450
2016-10-10 16:07:29,710 	 <Dispatcher> 	 Level 45 	 START_BYTES	1614546604
2016-10-10 16:08:18,416 	 <Dispatcher> 	 Level 45 	 START_BYTES	1614615278
2016-10-10 16:10:48,015 	 <Dispatcher> 	 Level 45 	 START_BYTES	1614648856
2016-10-10 16:11:09,817 	 <Dispatcher> 	 Level 45 	 START_BYTES	1614654648
2016-10-10 16:11:49,335 	 <Dispatcher> 	 Level 45 	 START_BYTES	1614660209
2016-10-10 16:15:06,019 	 <Dispatcher> 	 Level 45 	 START_BYTES	1614689307
2016-10-10 16:15:40,300 	 <Dispatcher> 	 Level 45 	 START_BYTES	1614701184
2016-10-10 16:15:53,373 	 <Dispatcher> 	 Level 45 	 START_BYTES	1614718877
2016-10-10 16:16:14,056 	 <Dispatcher> 	 Level 45 	 START_BYTES	1614722640
2016-10-10 16:16:35,969 	 <Dispatcher> 	 Level 45 	 START_BYTES	1614730287
2016-10-10 16:25:12,475 	 <Dispatcher> 	 Level 45 	 START_BYTES	1614913015
2016-10-10 16:25:27,469 	 <Dispatcher> 	 Level 45 	 START_BYTES	1614920896
2016-10-10 16:25:30,001 	 <Dispatcher> 	 Level 45 	 START_BYTES	1614922100
2016-10-10 16:25:45,412 	 <Dispatcher> 	 Level 45 	 START_BYTES	1614926296
2016-10-10 16:26:54,980 	 <Dispatcher> 	 Level 45 	 START_BYTES	1614938904
2016-10-10 16:27:58,790 	 <Dispatcher> 	 Level 45 	 START_BYTES	1614951526
2016-10-10 16:29:11,280 	 <Dispatcher> 	 Level 45 	 START_BYTES	1614965580
2016-10-10 16:29:33,033 	 <Dispatcher> 	 Level 45 	 START_BYTES	1614989039
2016-10-10 16:29:41,788 	 <Dispatcher> 	 Level 45 	 START_BYTES	1614990905
2016-10-10 16:29:59,722 	 <Dispatcher> 	 Level 45 	 START_BYTES	1614996778
2016-10-10 16:30:38,661 	 <Dispatcher> 	 Level 45 	 START_BYTES	1615006145
2016-10-10 16:30:59,698 	 <Dispatcher> 	 Level 45 	 START_BYTES	1615008771
2016-10-10 16:34:37,162 	 <Dispatcher> 	 Level 45 	 START_BYTES	1615040188
2016-10-10 16:35:20,295 	 <Dispatcher> 	 Level 45 	 START_BYTES	1615049949
2016-10-10 16:36:54,352 	 <Dispatcher> 	 Level 45 	 START_BYTES	1615067172
2016-10-10 16:38:06,302 	 <Dispatcher> 	 Level 45 	 START_BYTES	1615088164
2016-10-10 16:39:32,428 	 <Dispatcher> 	 Level 45 	 START_BYTES	1615104253
2016-10-10 16:45:27,050 	 <Dispatcher> 	 Level 45 	 START_BYTES	1615178590
2016-10-10 16:46:31,566 	 <Dispatcher> 	 Level 45 	 START_BYTES	1615189482
2016-10-11 00:45:41,636 	 <Dispatcher> 	 Level 45 	 START_BYTES	114132
2016-10-11 00:46:06,015 	 <Dispatcher> 	 Level 45 	 START_BYTES	114132
2016-10-11 00:58:41,218 	 <Dispatcher> 	 Level 45 	 START_BYTES	114132
2016-10-11 01:00:05,241 	 <Dispatcher> 	 Level 45 	 START_BYTES	114132
2016-10-11 01:00:49,530 	 <Dispatcher> 	 Level 45 	 START_BYTES	114132
2016-10-11 01:04:18,731 	 <Dispatcher> 	 Level 45 	 START_BYTES	114132
2016-10-11 01:05:08,518 	 <Dispatcher> 	 Level 45 	 START_BYTES	114132
2016-10-11 01:07:24,788 	 <Dispatcher> 	 Level 45 	 START_BYTES	114132
2016-10-11 01:07:46,885 	 <Dispatcher> 	 Level 45 	 START_BYTES	114132
2016-10-11 01:09:10,326 	 <Dispatcher> 	 Level 45 	 START_BYTES	114132
2016-10-11 01:10:29,156 	 <Dispatcher> 	 Level 45 	 START_BYTES	114132
2016-10-11 01:10:35,711 	 <Dispatcher> 	 Level 45 	 START_BYTES	114132
2016-10-11 01:11:01,449 	 <Dispatcher> 	 Level 45 	 START_BYTES	114132
2016-10-11 01:12:22,855 	 <Dispatcher> 	 Level 45 	 START_BYTES	114132
2016-10-11 01:13:30,707 	 <Dispatcher> 	 Level 45 	 START_BYTES	114132
2016-10-11 01:14:28,954 	 <Dispatcher> 	 Level 45 	 START_BYTES	114132
2016-10-11 01:15:04,624 	 <Dispatcher> 	 Level 45 	 START_BYTES	114132
2016-10-11 01:15:55,792 	 <Dispatcher> 	 Level 45 	 START_BYTES	114132
2016-10-11 01:16:26,799 	 <Dispatcher> 	 Level 45 	 START_BYTES	114132
2016-10-11 01:16:47,227 	 <Dispatcher> 	 Level 45 	 START_BYTES	114132
2016-10-11 12:41:56,311 	 <Dispatcher> 	 Level 45 	 START_BYTES	986593
2016-10-11 12:47:33,977 	 <Dispatcher> 	 Level 45 	 START_BYTES	1081497
2016-10-11 12:47:43,612 	 <Dispatcher> 	 Level 45 	 START_BYTES	1083118
2016-10-11 12:48:43,393 	 <Dispatcher> 	 Level 45 	 START_BYTES	1085839
2016-10-11 12:50:13,455 	 <Dispatcher> 	 Level 45 	 START_BYTES	1088608
2016-10-11 12:51:12,495 	 <Dispatcher> 	 Level 45 	 START_BYTES	1090801
2016-10-11 12:56:35,323 	 <Dispatcher> 	 Level 45 	 START_BYTES	1116528
2016-10-11 12:59:37,841 	 <Dispatcher> 	 Level 45 	 START_BYTES	1142321
2016-10-11 13:00:35,499 	 <Dispatcher> 	 Level 45 	 START_BYTES	1306671
2016-10-11 13:11:10,242 	 <Dispatcher> 	 Level 45 	 START_BYTES	1432294
2016-10-11 13:11:55,430 	 <Dispatcher> 	 Level 45 	 START_BYTES	1436753
2016-10-11 13:13:50,967 	 <Dispatcher> 	 Level 45 	 START_BYTES	1449859
2016-10-11 13:13:55,352 	 <Dispatcher> 	 Level 45 	 POWEROFF BYTES	1450270
2016-10-11 13:14:51,701 	 <Dispatcher> 	 Level 45 	 START_BYTES	1451973
2016-10-11 13:15:02,477 	 <Dispatcher> 	 Level 45 	 POWEROFF BYTES	1452692
2016-10-11 13:15:11,828 	 <Dispatcher> 	 Level 45 	 POWEROFF BYTES	1453826
2016-10-11 13:15:12,394 	 <Dispatcher> 	 Level 45 	 POWEROFF BYTES	1454162
2016-10-11 13:16:34,103 	 <Dispatcher> 	 Level 45 	 START_BYTES	1457341
2016-10-11 13:16:53,054 	 <Dispatcher> 	 Level 45 	 POWEROFF BYTES	1459064
2016-10-11 13:16:59,895 	 <Dispatcher> 	 Level 45 	 POWEROFF BYTES	1459158
2016-10-11 13:17:00,401 	 <Dispatcher> 	 Level 45 	 POWEROFF BYTES	1459252
2016-10-11 13:17:19,475 	 <Dispatcher> 	 Level 45 	 POWEROFF BYTES	1468078
2016-10-11 13:17:19,788 	 <Dispatcher> 	 Level 45 	 POWEROFF BYTES	1468172
2016-10-11 13:17:20,212 	 <Dispatcher> 	 Level 45 	 POWEROFF BYTES	1468266
2016-10-11 13:17:20,511 	 <Dispatcher> 	 Level 45 	 POWEROFF BYTES	1468360
2016-10-11 13:17:20,808 	 <Dispatcher> 	 Level 45 	 POWEROFF BYTES	1468454
2016-10-11 13:18:41,305 	 <Dispatcher> 	 Level 45 	 START_BYTES	1475204
2016-10-11 13:18:48,909 	 <Dispatcher> 	 Level 45 	 POWEROFF BYTES	1475615
2016-10-11 13:18:55,109 	 <Dispatcher> 	 Level 45 	 POWEROFF BYTES	1476815
2016-10-11 13:19:38,108 	 <Dispatcher> 	 Level 45 	 START_BYTES	1479817
2016-10-11 13:19:43,888 	 <Dispatcher> 	 Level 45 	 POWEROFF BYTES	1480228
2016-10-11 13:19:57,440 	 <Dispatcher> 	 Level 45 	 START_BYTES	1481509
2016-10-11 13:20:12,939 	 <Dispatcher> 	 Level 45 	 POWEROFF BYTES	1482332
2016-10-11 20:31:30,602 	 <Dispatcher> 	 Level 45 	 START_BYTES	9909580
2016-10-12 19:13:47,994 	 <Dispatcher> 	 Level 45 	 START_BYTES	1395121
